<?xml version='1.0' encoding='UTF-8'?>
<testsuite hostname="MacBookPro" name="BalanceParenthesisTest" tests="1" errors="0" failures="0" skipped="0" time="0.028" timestamp="2021-06-29T21:44:14">
                     <properties>
[...]
</properties>
                     <testcase classname="BalanceParenthesisTest" name="BalanceParenthesis.balance" time="0.028">
                                                 
                                               </testcase>
                     <system-out><![CDATA[]]></system-out>
                     <system-err><![CDATA[]]></system-err>
                   </testsuite>