<?xml version='1.0' encoding='UTF-8'?>
<testsuite hostname="MacBookPro" name="codecs.CodecsSuite" tests="14" errors="0" failures="5" skipped="0" time="0.308" timestamp="2021-07-23T16:12:55">
                     <properties>
[...]
</properties>
                     <testcase classname="codecs.CodecsSuite" name="it is possible to encode and decode the 'Unit' value (0pts)" time="0.184">
                                                 
                                               </testcase><testcase classname="codecs.CodecsSuite" name="it is possible to encode and decode 'Int' values (1pt)" time="0.016">
                                                 
                                               </testcase><testcase classname="codecs.CodecsSuite" name="the 'Int' decoder should reject invalid 'Int' values (2pts)" time="0.002">
                                                 
                                               </testcase><testcase classname="codecs.CodecsSuite" name="a 'String' value should be encoded as a JSON string (1pt)" time="0.006">
                                                 
                                               </testcase><testcase classname="codecs.CodecsSuite" name="it is possible to encode and decode 'String' values (1pt)" time="0.018">
                                                 
                                               </testcase><testcase classname="codecs.CodecsSuite" name="a 'Boolean' value should be encoded as a JSON boolean (1pt)" time="0.002">
                                                 
                                               </testcase><testcase classname="codecs.CodecsSuite" name="it is possible to encode and decode 'Boolean' values (1pt)" time="0.006">
                                                 
                                               </testcase><testcase classname="codecs.CodecsSuite" name="a 'List[A]' value should be encoded as a JSON array (0pts)" time="0.003">
                                                 
                                               </testcase><testcase classname="codecs.CodecsSuite" name="it is possible to encode and decode lists (5pts)" time="0.039">
                                                 <failure message="java.lang.AssertionError: Encoded value 'List(0, 1)' was not successfully decoded. Got 'Some(List(1, 0))'." type="sbt.ForkMain$ForkError">sbt.ForkMain$ForkError: java.lang.AssertionError: Encoded value 'List(0, 1)' was not successfully decoded. Got 'Some(List(1, 0))'.
	at codecs.CodecsSuite.fail$1(CodecsSuite.scala:19)
	at codecs.CodecsSuite.checkProperty(CodecsSuite.scala:22)
	at codecs.CodecsSuite.$init$$$anonfun$9(CodecsSuite.scala:72)
	at scala.runtime.java8.JFunction0$mcV$sp.apply(JFunction0$mcV$sp.scala:18)
</failure>
                                               </testcase><testcase classname="codecs.CodecsSuite" name="A JSON array with at least one invalid element should be rejected (2pt)" time="0.017">
                                                 <failure message="munit.FailException: /Users/Kai/Dropbox/Documents/Code/scala/Functional Programming Scala/effective_programming/codecs/src/test/scala/codecs/CodecsSuite.scala:78 assertion failed
77:    val decoder = summon[Decoder[List[Int]]]
[7m78:    assert(decoder.decode(json).isEmpty)[0m
79:  }" type="sbt.ForkMain$ForkError">sbt.ForkMain$ForkError: munit.FailException: /Users/Kai/Dropbox/Documents/Code/scala/Functional Programming Scala/effective_programming/codecs/src/test/scala/codecs/CodecsSuite.scala:78 assertion failed
77:    val decoder = summon[Decoder[List[Int]]]
[7m78:    assert(decoder.decode(json).isEmpty)[0m
79:  }
	at munit.FunSuite.assert(FunSuite.scala:11)
	at codecs.CodecsSuite.$init$$$anonfun$10(CodecsSuite.scala:19)
	at scala.runtime.java8.JFunction0$mcV$sp.apply(JFunction0$mcV$sp.scala:18)
</failure>
                                               </testcase><testcase classname="codecs.CodecsSuite" name="a 'Person' value should be encoded as a JSON object (1pt)" time="0.006">
                                                 
                                               </testcase><testcase classname="codecs.CodecsSuite" name="it is possible to encode and decode people (4pts)" time="0.005">
                                                 <failure message="java.lang.AssertionError: An exception was thrown during property evaluation: scala.NotImplementedError: an implementation is missing." type="sbt.ForkMain$ForkError">sbt.ForkMain$ForkError: java.lang.AssertionError: An exception was thrown during property evaluation: scala.NotImplementedError: an implementation is missing.
	at codecs.CodecsSuite.fail$1(CodecsSuite.scala:18)
	at codecs.CodecsSuite.checkProperty(CodecsSuite.scala:23)
	at codecs.CodecsSuite.$init$$$anonfun$12(CodecsSuite.scala:89)
	at scala.runtime.java8.JFunction0$mcV$sp.apply(JFunction0$mcV$sp.scala:18)
</failure>
                                               </testcase><testcase classname="codecs.CodecsSuite" name="a 'Contacts' value should be encoded as a JSON object (1pt)" time="0.002">
                                                 <failure message="scala.NotImplementedError: an implementation is missing" type="sbt.ForkMain$ForkError">sbt.ForkMain$ForkError: scala.NotImplementedError: an implementation is missing
	at scala.Predef$.$qmark$qmark$qmark(Predef.scala:345)
	at codecs.ContactsCodecs.given_Encoder_Contacts(Codecs.scala:272)
	at codecs.ContactsCodecs.given_Encoder_Contacts$(Codecs.scala:266)
	at codecs.CodecsSuite.given_Encoder_Contacts(CodecsSuite.scala:8)
	at codecs.CodecsSuite.$init$$$anonfun$13(CodecsSuite.scala:97)
	at scala.runtime.java8.JFunction0$mcV$sp.apply(JFunction0$mcV$sp.scala:18)
</failure>
                                               </testcase><testcase classname="codecs.CodecsSuite" name="it is possible to encode and decode contacts (4pts)" time="0.002">
                                                 <failure message="java.lang.AssertionError: An exception was thrown during property evaluation: scala.NotImplementedError: an implementation is missing." type="sbt.ForkMain$ForkError">sbt.ForkMain$ForkError: java.lang.AssertionError: An exception was thrown during property evaluation: scala.NotImplementedError: an implementation is missing.
	at codecs.CodecsSuite.fail$1(CodecsSuite.scala:18)
	at codecs.CodecsSuite.checkProperty(CodecsSuite.scala:23)
	at codecs.CodecsSuite.$init$$$anonfun$14(CodecsSuite.scala:103)
	at scala.runtime.java8.JFunction0$mcV$sp.apply(JFunction0$mcV$sp.scala:18)
</failure>
                                               </testcase>
                     <system-out><![CDATA[]]></system-out>
                     <system-err><![CDATA[]]></system-err>
                   </testsuite>