<?xml version='1.0' encoding='UTF-8'?>
<testsuite hostname="MacBookPro" name="democracy.MajorityJudgementSuite" tests="9" errors="0" failures="0" skipped="0" time="0.989" timestamp="2021-07-21T01:08:22">
                     <properties>
[...]
</properties>
                     <testcase classname="democracy.MajorityJudgementSuite" name="The median of an empty collection is undefined" time="0.181">
                                                 
                                               </testcase><testcase classname="democracy.MajorityJudgementSuite" name="The median of a collection with a single element should be that element" time="0.007">
                                                 
                                               </testcase><testcase classname="democracy.MajorityJudgementSuite" name="The median of a collection with two elements can be any of those two elements" time="0.006">
                                                 
                                               </testcase><testcase classname="democracy.MajorityJudgementSuite" name="The first (resp. second) half of a sorted collection should be lower (resp. higher) than the median grade" time="0.109">
                                                 
                                               </testcase><testcase classname="democracy.MajorityJudgementSuite" name="A median value minimizes the arithmetic mean of the absolute deviations of a collection" time="0.083">
                                                 
                                               </testcase><testcase classname="democracy.MajorityJudgementSuite" name="The winner is the candidate that received an absolute majority of the highest grades given by all the voters" time="0.563">
                                                 
                                               </testcase><testcase classname="democracy.MajorityJudgementSuite" name="full scenario with no tie-break" time="0.006">
                                                 
                                               </testcase><testcase classname="democracy.MajorityJudgementSuite" name="full scenario with a tie-break" time="0.029">
                                                 
                                               </testcase><testcase classname="democracy.MajorityJudgementSuite" name="full scenario with a tie-break and the same grades for cooking and hiking" time="0.005">
                                                 
                                               </testcase>
                     <system-out><![CDATA[]]></system-out>
                     <system-err><![CDATA[]]></system-err>
                   </testsuite>